{"D:\\Dati\\Desktop\\codelex\\hmwork\\codelex-md\\MD-13(regex)\\src\\scripts.ts": {"path":"D:\\Dati\\Desktop\\codelex\\hmwork\\codelex-md\\MD-13(regex)\\src\\scripts.ts","statementMap":{"0":{"start":{"line":1,"column":12},"end":{"line":1,"column":28}},"1":{"start":{"line":2,"column":18},"end":{"line":2,"column":23}},"2":{"start":{"line":3,"column":19},"end":{"line":3,"column":45}},"3":{"start":{"line":4,"column":8},"end":{"line":4,"column":33}},"4":{"start":{"line":6,"column":0},"end":{"line":31,"column":null}},"5":{"start":{"line":7,"column":18},"end":{"line":7,"column":31}},"6":{"start":{"line":8,"column":19},"end":{"line":8,"column":33}},"7":{"start":{"line":9,"column":18},"end":{"line":9,"column":31}},"8":{"start":{"line":10,"column":22},"end":{"line":10,"column":39}},"9":{"start":{"line":12,"column":4},"end":{"line":30,"column":7}},"10":{"start":{"line":13,"column":23},"end":{"line":13,"column":25}},"11":{"start":{"line":14,"column":8},"end":{"line":18,"column":14}},"12":{"start":{"line":20,"column":8},"end":{"line":23,"column":null}},"13":{"start":{"line":20,"column":36},"end":{"line":20,"column":50}},"14":{"start":{"line":21,"column":12},"end":{"line":21,"column":null}},"15":{"start":{"line":22,"column":12},"end":{"line":22,"column":19}},"16":{"start":{"line":25,"column":8},"end":{"line":25,"column":23}},"17":{"start":{"line":26,"column":8},"end":{"line":26,"column":22}},"18":{"start":{"line":27,"column":8},"end":{"line":27,"column":26}},"19":{"start":{"line":28,"column":8},"end":{"line":28,"column":null}},"20":{"start":{"line":29,"column":8},"end":{"line":29,"column":15}},"21":{"start":{"line":34,"column":22},"end":{"line":47,"column":1}},"22":{"start":{"line":35,"column":19},"end":{"line":35,"column":21}},"23":{"start":{"line":36,"column":24},"end":{"line":36,"column":47}},"24":{"start":{"line":38,"column":4},"end":{"line":46,"column":null}},"25":{"start":{"line":39,"column":8},"end":{"line":39,"column":20}},"26":{"start":{"line":41,"column":8},"end":{"line":41,"column":null}},"27":{"start":{"line":42,"column":8},"end":{"line":44,"column":null}},"28":{"start":{"line":43,"column":12},"end":{"line":43,"column":68}},"29":{"start":{"line":45,"column":8},"end":{"line":45,"column":21}},"30":{"start":{"line":108,"column":8},"end":{"line":108,"column":21}},"31":{"start":{"line":49,"column":26},"end":{"line":52,"column":1}},"32":{"start":{"line":50,"column":23},"end":{"line":50,"column":86}},"33":{"start":{"line":51,"column":4},"end":{"line":51,"column":42}},"34":{"start":{"line":108,"column":110},"end":{"line":108,"column":126}},"35":{"start":{"line":56,"column":21},"end":{"line":71,"column":1}},"36":{"start":{"line":57,"column":19},"end":{"line":57,"column":21}},"37":{"start":{"line":58,"column":23},"end":{"line":58,"column":52}},"38":{"start":{"line":59,"column":20},"end":{"line":59,"column":56}},"39":{"start":{"line":61,"column":4},"end":{"line":68,"column":null}},"40":{"start":{"line":62,"column":9},"end":{"line":62,"column":21}},"41":{"start":{"line":64,"column":8},"end":{"line":64,"column":null}},"42":{"start":{"line":65,"column":8},"end":{"line":67,"column":null}},"43":{"start":{"line":66,"column":12},"end":{"line":66,"column":67}},"44":{"start":{"line":70,"column":4},"end":{"line":70,"column":17}},"45":{"start":{"line":108,"column":23},"end":{"line":108,"column":35}},"46":{"start":{"line":73,"column":25},"end":{"line":76,"column":1}},"47":{"start":{"line":74,"column":22},"end":{"line":74,"column":35}},"48":{"start":{"line":75,"column":4},"end":{"line":75,"column":32}},"49":{"start":{"line":108,"column":55},"end":{"line":108,"column":70}},"50":{"start":{"line":78,"column":25},"end":{"line":84,"column":1}},"51":{"start":{"line":79,"column":4},"end":{"line":81,"column":null}},"52":{"start":{"line":80,"column":8},"end":{"line":80,"column":20}},"53":{"start":{"line":83,"column":4},"end":{"line":83,"column":17}},"54":{"start":{"line":108,"column":72},"end":{"line":108,"column":87}},"55":{"start":{"line":88,"column":26},"end":{"line":101,"column":1}},"56":{"start":{"line":89,"column":19},"end":{"line":89,"column":21}},"57":{"start":{"line":90,"column":27},"end":{"line":90,"column":56}},"58":{"start":{"line":92,"column":4},"end":{"line":100,"column":null}},"59":{"start":{"line":93,"column":8},"end":{"line":93,"column":20}},"60":{"start":{"line":95,"column":8},"end":{"line":95,"column":null}},"61":{"start":{"line":96,"column":8},"end":{"line":98,"column":null}},"62":{"start":{"line":97,"column":12},"end":{"line":97,"column":71}},"63":{"start":{"line":99,"column":8},"end":{"line":99,"column":21}},"64":{"start":{"line":108,"column":37},"end":{"line":108,"column":53}},"65":{"start":{"line":103,"column":29},"end":{"line":106,"column":1}},"66":{"start":{"line":104,"column":26},"end":{"line":104,"column":83}},"67":{"start":{"line":105,"column":4},"end":{"line":105,"column":40}},"68":{"start":{"line":108,"column":89},"end":{"line":108,"column":108}}},"fnMap":{"0":{"name":"(anonymous_0)","decl":{"start":{"line":6,"column":2},"end":{"line":6,"column":null}},"loc":{"start":{"line":6,"column":2},"end":{"line":31,"column":1}}},"1":{"name":"(anonymous_1)","decl":{"start":{"line":12,"column":17},"end":{"line":12,"column":26}},"loc":{"start":{"line":12,"column":33},"end":{"line":30,"column":5}}},"2":{"name":"(anonymous_2)","decl":{"start":{"line":20,"column":25},"end":{"line":20,"column":26}},"loc":{"start":{"line":20,"column":36},"end":{"line":20,"column":50}}},"3":{"name":"(anonymous_3)","decl":{"start":{"line":34,"column":22},"end":{"line":34,"column":23}},"loc":{"start":{"line":34,"column":40},"end":{"line":47,"column":1}}},"4":{"name":"(anonymous_4)","decl":{"start":{"line":49,"column":26},"end":{"line":49,"column":27}},"loc":{"start":{"line":49,"column":44},"end":{"line":52,"column":1}}},"5":{"name":"(anonymous_5)","decl":{"start":{"line":56,"column":21},"end":{"line":56,"column":22}},"loc":{"start":{"line":56,"column":38},"end":{"line":71,"column":1}}},"6":{"name":"(anonymous_6)","decl":{"start":{"line":73,"column":25},"end":{"line":73,"column":26}},"loc":{"start":{"line":73,"column":41},"end":{"line":76,"column":1}}},"7":{"name":"(anonymous_7)","decl":{"start":{"line":78,"column":25},"end":{"line":78,"column":26}},"loc":{"start":{"line":78,"column":41},"end":{"line":84,"column":1}}},"8":{"name":"(anonymous_8)","decl":{"start":{"line":88,"column":26},"end":{"line":88,"column":27}},"loc":{"start":{"line":88,"column":46},"end":{"line":101,"column":1}}},"9":{"name":"(anonymous_9)","decl":{"start":{"line":103,"column":29},"end":{"line":103,"column":30}},"loc":{"start":{"line":103,"column":48},"end":{"line":106,"column":1}}}},"branchMap":{"0":{"loc":{"start":{"line":20,"column":8},"end":{"line":23,"column":null}},"type":"if","locations":[{"start":{"line":20,"column":8},"end":{"line":23,"column":null}}]},"1":{"loc":{"start":{"line":38,"column":4},"end":{"line":46,"column":null}},"type":"if","locations":[{"start":{"line":38,"column":4},"end":{"line":46,"column":null}},{"start":{"line":40,"column":9},"end":{"line":46,"column":null}}]},"2":{"loc":{"start":{"line":42,"column":8},"end":{"line":44,"column":null}},"type":"if","locations":[{"start":{"line":42,"column":8},"end":{"line":44,"column":null}}]},"3":{"loc":{"start":{"line":61,"column":4},"end":{"line":68,"column":null}},"type":"if","locations":[{"start":{"line":61,"column":4},"end":{"line":68,"column":null}},{"start":{"line":63,"column":9},"end":{"line":68,"column":null}}]},"4":{"loc":{"start":{"line":61,"column":7},"end":{"line":61,"column":44}},"type":"binary-expr","locations":[{"start":{"line":61,"column":7},"end":{"line":61,"column":22}},{"start":{"line":61,"column":26},"end":{"line":61,"column":44}}]},"5":{"loc":{"start":{"line":65,"column":8},"end":{"line":67,"column":null}},"type":"if","locations":[{"start":{"line":65,"column":8},"end":{"line":67,"column":null}}]},"6":{"loc":{"start":{"line":79,"column":4},"end":{"line":81,"column":null}},"type":"if","locations":[{"start":{"line":79,"column":4},"end":{"line":81,"column":null}}]},"7":{"loc":{"start":{"line":79,"column":7},"end":{"line":79,"column":30}},"type":"binary-expr","locations":[{"start":{"line":79,"column":7},"end":{"line":79,"column":16}},{"start":{"line":79,"column":20},"end":{"line":79,"column":30}}]},"8":{"loc":{"start":{"line":92,"column":4},"end":{"line":100,"column":null}},"type":"if","locations":[{"start":{"line":92,"column":4},"end":{"line":100,"column":null}},{"start":{"line":94,"column":9},"end":{"line":100,"column":null}}]},"9":{"loc":{"start":{"line":96,"column":8},"end":{"line":98,"column":null}},"type":"if","locations":[{"start":{"line":96,"column":8},"end":{"line":98,"column":null}}]}},"s":{"0":1,"1":1,"2":1,"3":1,"4":1,"5":0,"6":0,"7":0,"8":0,"9":0,"10":0,"11":0,"12":0,"13":0,"14":0,"15":0,"16":0,"17":0,"18":0,"19":0,"20":0,"21":1,"22":4,"23":4,"24":4,"25":1,"26":3,"27":3,"28":3,"29":3,"30":1,"31":1,"32":6,"33":6,"34":1,"35":1,"36":2,"37":2,"38":2,"39":2,"40":1,"41":1,"42":1,"43":1,"44":1,"45":1,"46":1,"47":3,"48":3,"49":1,"50":1,"51":4,"52":2,"53":2,"54":1,"55":1,"56":3,"57":3,"58":3,"59":1,"60":2,"61":2,"62":2,"63":2,"64":1,"65":1,"66":8,"67":8,"68":1},"f":{"0":0,"1":0,"2":0,"3":4,"4":6,"5":2,"6":3,"7":4,"8":3,"9":8},"b":{"0":[0],"1":[1,3],"2":[3],"3":[1,1],"4":[2,2],"5":[1],"6":[2],"7":[4,3],"8":[1,2],"9":[2]}}
}
