TN:
SF:src\scripts.ts
FN:6,(anonymous_0)
FN:12,(anonymous_1)
FN:20,(anonymous_2)
FN:34,(anonymous_3)
FN:49,(anonymous_4)
FN:56,(anonymous_5)
FN:73,(anonymous_6)
FN:78,(anonymous_7)
FN:88,(anonymous_8)
FN:103,(anonymous_9)
FNF:10
FNH:7
FNDA:0,(anonymous_0)
FNDA:0,(anonymous_1)
FNDA:0,(anonymous_2)
FNDA:4,(anonymous_3)
FNDA:6,(anonymous_4)
FNDA:2,(anonymous_5)
FNDA:3,(anonymous_6)
FNDA:4,(anonymous_7)
FNDA:3,(anonymous_8)
FNDA:8,(anonymous_9)
DA:1,1
DA:2,1
DA:3,1
DA:4,1
DA:6,1
DA:7,0
DA:8,0
DA:9,0
DA:10,0
DA:12,0
DA:13,0
DA:14,0
DA:20,0
DA:21,0
DA:22,0
DA:25,0
DA:26,0
DA:27,0
DA:28,0
DA:29,0
DA:34,1
DA:35,4
DA:36,4
DA:38,4
DA:39,1
DA:41,3
DA:42,3
DA:43,3
DA:45,3
DA:49,1
DA:50,6
DA:51,6
DA:56,1
DA:57,2
DA:58,2
DA:59,2
DA:61,2
DA:62,1
DA:64,1
DA:65,1
DA:66,1
DA:70,1
DA:73,1
DA:74,3
DA:75,3
DA:78,1
DA:79,4
DA:80,2
DA:83,2
DA:88,1
DA:89,3
DA:90,3
DA:92,3
DA:93,1
DA:95,2
DA:96,2
DA:97,2
DA:99,2
DA:103,1
DA:104,8
DA:105,8
DA:108,1
LF:62
LH:47
BRDA:20,0,0,0
BRDA:38,1,0,1
BRDA:38,1,1,3
BRDA:42,2,0,3
BRDA:61,3,0,1
BRDA:61,3,1,1
BRDA:61,4,0,2
BRDA:61,4,1,2
BRDA:65,5,0,1
BRDA:79,6,0,2
BRDA:79,7,0,4
BRDA:79,7,1,3
BRDA:92,8,0,1
BRDA:92,8,1,2
BRDA:96,9,0,2
BRF:15
BRH:14
end_of_record
